ReactNativeApp/android/app/build/intermediates/manifest_merge_blame_file/debug/manifest-merger-blame-debug-report.txt
1<?xml version="1.0" encoding="utf-8"?>
2<manifest xmlns:android="http://schemas.android.com/apk/res/android"
3    package="com.reactnativeapp"
4    android:versionCode="1"
5    android:versionName="1.0" >
6
7    <uses-sdk
8        android:minSdkVersion="21"
9        android:targetSdkVersion="34" />
10
11    <uses-feature android:name="android.hardware.camera" />
11-->src\main\AndroidManifest.xml:3:5-60
11-->src\main\AndroidManifest.xml:3:19-57
12    <uses-feature android:name="android.hardware.camera.autofocus" />
12-->src\main\AndroidManifest.xml:4:5-70
12-->src\main\AndroidManifest.xml:4:19-67
13    <uses-feature android:name="android.hardware.audio.output" />
13-->src\main\AndroidManifest.xml:5:5-66
13-->src\main\AndroidManifest.xml:5:19-63
14    <uses-feature android:name="android.hardware.microphone" />
14-->src\main\AndroidManifest.xml:6:5-64
14-->src\main\AndroidManifest.xml:6:19-61
15
16    <uses-permission android:name="android.permission.CAMERA" />
16-->src\main\AndroidManifest.xml:8:5-65
16-->src\main\AndroidManifest.xml:8:22-62
17    <uses-permission android:name="android.permission.RECORD_AUDIO" />
17-->src\main\AndroidManifest.xml:9:5-71
17-->src\main\AndroidManifest.xml:9:22-68
18    <uses-permission android:name="android.permission.ACCESS_NETWORK_STATE" />
18-->src\main\AndroidManifest.xml:10:5-79
18-->src\main\AndroidManifest.xml:10:22-76
19    <uses-permission android:name="android.permission.CHANGE_NETWORK_STATE" />
19-->src\main\AndroidManifest.xml:11:5-79
19-->src\main\AndroidManifest.xml:11:22-76
20    <uses-permission android:name="android.permission.MODIFY_AUDIO_SETTINGS" />
20-->src\main\AndroidManifest.xml:12:5-80
20-->src\main\AndroidManifest.xml:12:22-77
21    <uses-permission android:name="android.permission.INTERNET" />
21-->src\main\AndroidManifest.xml:13:5-67
21-->src\main\AndroidManifest.xml:13:22-64
22    <uses-permission android:name="android.permission.FOREGROUND_SERVICE" />
22-->[:react-native-webrtc] AndroidManifest.xml:8:5-77
22-->[:react-native-webrtc] AndroidManifest.xml:8:22-74
23    <uses-permission android:name="android.permission.FOREGROUND_SERVICE_MEDIA_PROJECTION" />
23-->[:react-native-webrtc] AndroidManifest.xml:9:5-94
23-->[:react-native-webrtc] AndroidManifest.xml:9:22-91
24
25    <uses-feature
25-->[:react-native-webrtc] AndroidManifest.xml:11:5-14:32
26        android:name="android.hardware.usb.host"
26-->[:react-native-webrtc] AndroidManifest.xml:12:9-49
27        android:required="false" />
27-->[:react-native-webrtc] AndroidManifest.xml:13:9-33
28    <!--
29    This manifest file is used only by Gradle to configure debug-only capabilities
30    for React Native Apps.
31    -->
32    <uses-permission android:name="android.permission.SYSTEM_ALERT_WINDOW" />
32-->[com.facebook.react:react-android:0.73.4] AndroidManifest.xml:16:5-78
32-->[com.facebook.react:react-android:0.73.4] AndroidManifest.xml:16:22-75
33    <uses-permission android:name="android.permission.ACCESS_WIFI_STATE" />
33-->[com.facebook.flipper:flipper:0.201.0] AndroidManifest.xml:14:5-76
33-->[com.facebook.flipper:flipper:0.201.0] AndroidManifest.xml:14:22-73
34
35    <permission
35-->[androidx.core:core:1.9.0] AndroidManifest.xml:22:5-24:47
36        android:name="com.reactnativeapp.DYNAMIC_RECEIVER_NOT_EXPORTED_PERMISSION"
36-->[androidx.core:core:1.9.0] AndroidManifest.xml:23:9-81
37        android:protectionLevel="signature" />
37-->[androidx.core:core:1.9.0] AndroidManifest.xml:24:9-44
38
39    <uses-permission android:name="com.reactnativeapp.DYNAMIC_RECEIVER_NOT_EXPORTED_PERMISSION" />
39-->[androidx.core:core:1.9.0] AndroidManifest.xml:26:5-97
39-->[androidx.core:core:1.9.0] AndroidManifest.xml:26:22-94
40
41    <application
41-->src\main\AndroidManifest.xml:15:5-43:19
42        android:name="com.reactnativeapp.MainApplication"
42-->src\main\AndroidManifest.xml:16:7-38
43        android:allowBackup="false"
43-->src\main\AndroidManifest.xml:20:7-34
44        android:appComponentFactory="androidx.core.app.CoreComponentFactory"
44-->[androidx.core:core:1.9.0] AndroidManifest.xml:28:18-86
45        android:debuggable="true"
46        android:extractNativeLibs="true"
47        android:icon="@mipmap/ic_launcher"
47-->src\main\AndroidManifest.xml:18:7-41
48        android:label="@string/app_name"
48-->src\main\AndroidManifest.xml:17:7-39
49        android:roundIcon="@mipmap/ic_launcher_round"
49-->src\main\AndroidManifest.xml:19:7-52
50        android:theme="@style/AppTheme"
50-->src\main\AndroidManifest.xml:21:7-38
51        android:usesCleartextTraffic="true" >
51-->src\debug\AndroidManifest.xml:6:9-44
52        <activity
52-->src\main\AndroidManifest.xml:22:7-42:18
53            android:name="com.reactnativeapp.MainActivity"
53-->src\main\AndroidManifest.xml:23:9-37
54            android:configChanges="keyboard|keyboardHidden|orientation|screenLayout|screenSize|smallestScreenSize|uiMode"
54-->src\main\AndroidManifest.xml:25:9-118
55            android:exported="true"
55-->src\main\AndroidManifest.xml:28:9-32
56            android:label="@string/app_name"
56-->src\main\AndroidManifest.xml:24:9-41
57            android:launchMode="singleTask"
57-->src\main\AndroidManifest.xml:26:9-40
58            android:windowSoftInputMode="adjustResize" >
58-->src\main\AndroidManifest.xml:27:9-51
59            <intent-filter>
59-->src\main\AndroidManifest.xml:29:9-32:25
60                <action android:name="android.intent.action.MAIN" />
60-->src\main\AndroidManifest.xml:30:13-65
60-->src\main\AndroidManifest.xml:30:21-62
61
62                <category android:name="android.intent.category.LAUNCHER" />
62-->src\main\AndroidManifest.xml:31:13-73
62-->src\main\AndroidManifest.xml:31:23-70
63            </intent-filter>
64            <intent-filter>
64-->src\main\AndroidManifest.xml:33:9-41:25
65                <action android:name="android.intent.action.VIEW" />
65-->src\main\AndroidManifest.xml:34:13-65
65-->src\main\AndroidManifest.xml:34:21-62
66
67                <category android:name="android.intent.category.DEFAULT" />
67-->src\main\AndroidManifest.xml:35:13-72
67-->src\main\AndroidManifest.xml:35:23-69
68                <category android:name="android.intent.category.BROWSABLE" />
68-->src\main\AndroidManifest.xml:36:13-74
68-->src\main\AndroidManifest.xml:36:23-71
69
70                <data
70-->src\main\AndroidManifest.xml:37:13-40:15
71                    android:host="data"
71-->src\main\AndroidManifest.xml:39:15-34
72                    android:scheme="receiverapp" />
72-->src\main\AndroidManifest.xml:38:15-43
73            </intent-filter>
74        </activity>
75
76        <service
76-->[:react-native-webrtc] AndroidManifest.xml:17:9-20:19
77            android:name="com.oney.WebRTCModule.MediaProjectionService"
77-->[:react-native-webrtc] AndroidManifest.xml:18:13-72
78            android:foregroundServiceType="mediaProjection" >
78-->[:react-native-webrtc] AndroidManifest.xml:19:13-60
79        </service>
80
81        <activity
81-->[com.facebook.react:react-android:0.73.4] AndroidManifest.xml:19:9-21:40
82            android:name="com.facebook.react.devsupport.DevSettingsActivity"
82-->[com.facebook.react:react-android:0.73.4] AndroidManifest.xml:20:13-77
83            android:exported="false" />
83-->[com.facebook.react:react-android:0.73.4] AndroidManifest.xml:21:13-37
84
85        <provider
85-->[androidx.emoji2:emoji2:1.2.0] AndroidManifest.xml:24:9-32:20
86            android:name="androidx.startup.InitializationProvider"
86-->[androidx.emoji2:emoji2:1.2.0] AndroidManifest.xml:25:13-67
87            android:authorities="com.reactnativeapp.androidx-startup"
87-->[androidx.emoji2:emoji2:1.2.0] AndroidManifest.xml:26:13-68
88            android:exported="false" >
88-->[androidx.emoji2:emoji2:1.2.0] AndroidManifest.xml:27:13-37
89            <meta-data
89-->[androidx.emoji2:emoji2:1.2.0] AndroidManifest.xml:29:13-31:52
90                android:name="androidx.emoji2.text.EmojiCompatInitializer"
90-->[androidx.emoji2:emoji2:1.2.0] AndroidManifest.xml:30:17-75
91                android:value="androidx.startup" />
91-->[androidx.emoji2:emoji2:1.2.0] AndroidManifest.xml:31:17-49
92            <meta-data
92-->[androidx.lifecycle:lifecycle-process:2.4.1] AndroidManifest.xml:31:13-33:52
93                android:name="androidx.lifecycle.ProcessLifecycleInitializer"
93-->[androidx.lifecycle:lifecycle-process:2.4.1] AndroidManifest.xml:32:17-78
94                android:value="androidx.startup" />
94-->[androidx.lifecycle:lifecycle-process:2.4.1] AndroidManifest.xml:33:17-49
95        </provider>
96
97        <meta-data
97-->[com.facebook.soloader:soloader:0.10.5] AndroidManifest.xml:12:9-14:37
98            android:name="com.facebook.soloader.enabled"
98-->[com.facebook.soloader:soloader:0.10.5] AndroidManifest.xml:13:13-57
99            android:value="false" />
99-->[com.facebook.soloader:soloader:0.10.5] AndroidManifest.xml:14:13-34
100    </application>
101
102</manifest>